<?xml version="1.0" encoding="UTF-8"?>
<!-- Generated by org.testng.reporters.JUnitReportReporter -->
<testsuite name="com.tests.JavascriptEx" tests="1" time="24.384" ignored="0" failures="0" timestamp="05 Jul 2024 11:37:57 GMT" skipped="0" hostname="DESKTOP-SNIGSR3" errors="0">
  <testcase name="test01" time="24.384" classname="com.tests.JavascriptEx"/>
</testsuite> <!-- com.tests.JavascriptEx -->
