<?xml version="1.0" encoding="UTF-8"?>
<!-- Generated by org.testng.reporters.JUnitReportReporter -->
<testsuite name="com.tests.WindowEx" tests="1" time="24.904" ignored="0" failures="0" timestamp="02 Jul 2024 11:39:30 GMT" skipped="0" hostname="DESKTOP-SNIGSR3" errors="0">
  <testcase name="test01" time="24.904" classname="com.tests.WindowEx"/>
</testsuite> <!-- com.tests.WindowEx -->
