<?xml version="1.0" encoding="UTF-8"?>
<!-- Generated by org.testng.reporters.JUnitReportReporter -->
<testsuite name="com.tests.FileUloadEx" tests="1" time="18.772" ignored="0" failures="0" timestamp="03 Jul 2024 11:54:14 GMT" skipped="0" hostname="DESKTOP-SNIGSR3" errors="0">
  <testcase name="test01" time="18.772" classname="com.tests.FileUloadEx"/>
</testsuite> <!-- com.tests.FileUloadEx -->
